<?xml version="1.0" encoding="UTF-8"?>
<testsuite xmlns:xsi="http://www.w3.org/2001/XMLSchema-instance" xsi:noNamespaceSchemaLocation="https://maven.apache.org/surefire/maven-surefire-plugin/xsd/surefire-test-report-3.0.xsd" version="3.0" name="com.mycompany.rubricatelefonica.ContattoTest" time="0.133" tests="16" errors="0" skipped="0" failures="0">
  <properties>
    <property name="java.specification.version" value="19"/>
    <property name="sun.cpu.isalist" value="amd64"/>
    <property name="sun.jnu.encoding" value="Cp1252"/>
    <property name="java.class.path" value="C:\Users\alessandro\Documents\NetBeansProjects\RubricaTelefonica1\Progetto_Ingegneria_del_Software\RubricaTelefonica\target\test-classes;C:\Users\alessandro\Documents\NetBeansProjects\RubricaTelefonica1\Progetto_Ingegneria_del_Software\RubricaTelefonica\target\classes;C:\Users\alessandro\.m2\repository\org\junit\jupiter\junit-jupiter-api\5.11.3\junit-jupiter-api-5.11.3.jar;C:\Users\alessandro\.m2\repository\org\opentest4j\opentest4j\1.3.0\opentest4j-1.3.0.jar;C:\Users\alessandro\.m2\repository\org\junit\platform\junit-platform-commons\1.11.3\junit-platform-commons-1.11.3.jar;C:\Users\alessandro\.m2\repository\org\apiguardian\apiguardian-api\1.1.2\apiguardian-api-1.1.2.jar;C:\Users\alessandro\.m2\repository\org\openjfx\javafx-controls\11\javafx-controls-11.jar;C:\Users\alessandro\.m2\repository\org\openjfx\javafx-controls\11\javafx-controls-11-win.jar;C:\Users\alessandro\.m2\repository\org\openjfx\javafx-graphics\11\javafx-graphics-11.jar;C:\Users\alessandro\.m2\repository\org\openjfx\javafx-graphics\11\javafx-graphics-11-win.jar;C:\Users\alessandro\.m2\repository\org\openjfx\javafx-base\11\javafx-base-11.jar;C:\Users\alessandro\.m2\repository\org\openjfx\javafx-base\11\javafx-base-11-win.jar;C:\Users\alessandro\.m2\repository\org\openjfx\javafx-fxml\11\javafx-fxml-11.jar;C:\Users\alessandro\.m2\repository\org\openjfx\javafx-fxml\11\javafx-fxml-11-win.jar;C:\Users\alessandro\.m2\repository\org\junit\jupiter\junit-jupiter\5.11.3\junit-jupiter-5.11.3.jar;C:\Users\alessandro\.m2\repository\org\junit\jupiter\junit-jupiter-params\5.11.3\junit-jupiter-params-5.11.3.jar;C:\Users\alessandro\.m2\repository\org\junit\jupiter\junit-jupiter-engine\5.11.3\junit-jupiter-engine-5.11.3.jar;C:\Users\alessandro\.m2\repository\org\junit\platform\junit-platform-engine\1.11.3\junit-platform-engine-1.11.3.jar;"/>
    <property name="java.vm.vendor" value="Oracle Corporation"/>
    <property name="sun.arch.data.model" value="64"/>
    <property name="user.variant" value=""/>
    <property name="java.vendor.url" value="https://java.oracle.com/"/>
    <property name="user.timezone" value="Europe/Berlin"/>
    <property name="os.name" value="Windows 11"/>
    <property name="java.vm.specification.version" value="19"/>
    <property name="sun.java.launcher" value="SUN_STANDARD"/>
    <property name="user.country" value="IT"/>
    <property name="sun.boot.library.path" value="C:\Program Files\Java\jdk-19\bin"/>
    <property name="sun.java.command" value="C:\Users\alessandro\AppData\Local\Temp\surefire3117773602354625655\surefirebooter-20241215185927017_3.jar C:\Users\alessandro\AppData\Local\Temp\surefire3117773602354625655 2024-12-15T18-59-26_737-jvmRun1 surefire-20241215185927017_1tmp surefire_0-20241215185927017_2tmp"/>
    <property name="jdk.debug" value="release"/>
    <property name="surefire.test.class.path" value="C:\Users\alessandro\Documents\NetBeansProjects\RubricaTelefonica1\Progetto_Ingegneria_del_Software\RubricaTelefonica\target\test-classes;C:\Users\alessandro\Documents\NetBeansProjects\RubricaTelefonica1\Progetto_Ingegneria_del_Software\RubricaTelefonica\target\classes;C:\Users\alessandro\.m2\repository\org\junit\jupiter\junit-jupiter-api\5.11.3\junit-jupiter-api-5.11.3.jar;C:\Users\alessandro\.m2\repository\org\opentest4j\opentest4j\1.3.0\opentest4j-1.3.0.jar;C:\Users\alessandro\.m2\repository\org\junit\platform\junit-platform-commons\1.11.3\junit-platform-commons-1.11.3.jar;C:\Users\alessandro\.m2\repository\org\apiguardian\apiguardian-api\1.1.2\apiguardian-api-1.1.2.jar;C:\Users\alessandro\.m2\repository\org\openjfx\javafx-controls\11\javafx-controls-11.jar;C:\Users\alessandro\.m2\repository\org\openjfx\javafx-controls\11\javafx-controls-11-win.jar;C:\Users\alessandro\.m2\repository\org\openjfx\javafx-graphics\11\javafx-graphics-11.jar;C:\Users\alessandro\.m2\repository\org\openjfx\javafx-graphics\11\javafx-graphics-11-win.jar;C:\Users\alessandro\.m2\repository\org\openjfx\javafx-base\11\javafx-base-11.jar;C:\Users\alessandro\.m2\repository\org\openjfx\javafx-base\11\javafx-base-11-win.jar;C:\Users\alessandro\.m2\repository\org\openjfx\javafx-fxml\11\javafx-fxml-11.jar;C:\Users\alessandro\.m2\repository\org\openjfx\javafx-fxml\11\javafx-fxml-11-win.jar;C:\Users\alessandro\.m2\repository\org\junit\jupiter\junit-jupiter\5.11.3\junit-jupiter-5.11.3.jar;C:\Users\alessandro\.m2\repository\org\junit\jupiter\junit-jupiter-params\5.11.3\junit-jupiter-params-5.11.3.jar;C:\Users\alessandro\.m2\repository\org\junit\jupiter\junit-jupiter-engine\5.11.3\junit-jupiter-engine-5.11.3.jar;C:\Users\alessandro\.m2\repository\org\junit\platform\junit-platform-engine\1.11.3\junit-platform-engine-1.11.3.jar;"/>
    <property name="sun.cpu.endian" value="little"/>
    <property name="user.home" value="C:\Users\alessandro"/>
    <property name="user.language" value="it"/>
    <property name="java.specification.vendor" value="Oracle Corporation"/>
    <property name="java.version.date" value="2022-10-18"/>
    <property name="java.home" value="C:\Program Files\Java\jdk-19"/>
    <property name="file.separator" value="\"/>
    <property name="basedir" value="C:\Users\alessandro\Documents\NetBeansProjects\RubricaTelefonica1\Progetto_Ingegneria_del_Software\RubricaTelefonica"/>
    <property name="java.vm.compressedOopsMode" value="Zero based"/>
    <property name="line.separator" value="&#10;"/>
    <property name="java.vm.specification.vendor" value="Oracle Corporation"/>
    <property name="java.specification.name" value="Java Platform API Specification"/>
    <property name="surefire.real.class.path" value="C:\Users\alessandro\AppData\Local\Temp\surefire3117773602354625655\surefirebooter-20241215185927017_3.jar"/>
    <property name="user.script" value=""/>
    <property name="sun.management.compiler" value="HotSpot 64-Bit Tiered Compilers"/>
    <property name="java.runtime.version" value="19.0.1+10-21"/>
    <property name="user.name" value="alessandro"/>
    <property name="stdout.encoding" value="Cp1252"/>
    <property name="path.separator" value=";"/>
    <property name="os.version" value="10.0"/>
    <property name="java.runtime.name" value="Java(TM) SE Runtime Environment"/>
    <property name="file.encoding" value="UTF-8"/>
    <property name="java.vm.name" value="Java HotSpot(TM) 64-Bit Server VM"/>
    <property name="localRepository" value="C:\Users\alessandro\.m2\repository"/>
    <property name="java.vendor.url.bug" value="https://bugreport.java.com/bugreport/"/>
    <property name="java.io.tmpdir" value="C:\Users\alessandro\AppData\Local\Temp\"/>
    <property name="java.version" value="19.0.1"/>
    <property name="user.dir" value="C:\Users\alessandro\Documents\NetBeansProjects\RubricaTelefonica1\Progetto_Ingegneria_del_Software\RubricaTelefonica"/>
    <property name="os.arch" value="amd64"/>
    <property name="java.vm.specification.name" value="Java Virtual Machine Specification"/>
    <property name="sun.os.patch.level" value=""/>
    <property name="native.encoding" value="Cp1252"/>
    <property name="java.library.path" value="C:\Program Files\Java\jdk-19\bin;C:\WINDOWS\Sun\Java\bin;C:\WINDOWS\system32;C:\WINDOWS;C:\Program Files\Common Files\Oracle\Java\javapath;C:\Program Files (x86)\Common Files\Oracle\Java\javapath;C:\Windows\system32;C:\Windows;C:\Windows\System32\Wbem;C:\Windows\System32\WindowsPowerShell\v1.0\;C:\Windows\System32\OpenSSH\;C:\Users\Utente\AppData\Local\Microsoft\WindowsApps;C:\adb;C:\WINDOWS\system32;C:\WINDOWS;C:\WINDOWS\System32\Wbem;C:\WINDOWS\System32\WindowsPowerShell\v1.0\;C:\WINDOWS\System32\OpenSSH\;C:\Program Files\NVIDIA Corporation\NVIDIA NvDLISR;;C:\Program Files\doxygen\bin;C:\Program Files\platform-tools;C:\Users\alessandro\AppData\Local\Microsoft\WindowsApps;C:\Users\alessandro\AppData\Local\atom\bin;C:\maven\apache-maven-3.9.9\bin;;."/>
    <property name="java.vm.info" value="mixed mode, sharing"/>
    <property name="stderr.encoding" value="Cp1252"/>
    <property name="java.vendor" value="Oracle Corporation"/>
    <property name="java.vm.version" value="19.0.1+10-21"/>
    <property name="sun.io.unicode.encoding" value="UnicodeLittle"/>
    <property name="java.class.version" value="63.0"/>
  </properties>
  <testcase name="testGetNumTel1" classname="com.mycompany.rubricatelefonica.ContattoTest" time="0.043">
    <system-out><![CDATA[getNumTel1
]]></system-out>
  </testcase>
  <testcase name="testGetNumTel2" classname="com.mycompany.rubricatelefonica.ContattoTest" time="0.002">
    <system-out><![CDATA[getNumTel2
]]></system-out>
  </testcase>
  <testcase name="testGetNumTel3" classname="com.mycompany.rubricatelefonica.ContattoTest" time="0.002">
    <system-out><![CDATA[getNumTel3
]]></system-out>
  </testcase>
  <testcase name="testSetCognome" classname="com.mycompany.rubricatelefonica.ContattoTest" time="0.002">
    <system-out><![CDATA[setCognome
]]></system-out>
  </testcase>
  <testcase name="testGetNome" classname="com.mycompany.rubricatelefonica.ContattoTest" time="0.002">
    <system-out><![CDATA[getNome
]]></system-out>
  </testcase>
  <testcase name="testSetNumTel1" classname="com.mycompany.rubricatelefonica.ContattoTest" time="0.001">
    <system-out><![CDATA[setNumTel1
]]></system-out>
  </testcase>
  <testcase name="testSetNumTel2" classname="com.mycompany.rubricatelefonica.ContattoTest" time="0.002">
    <system-out><![CDATA[setNumTel2
]]></system-out>
  </testcase>
  <testcase name="testSetNumTel3" classname="com.mycompany.rubricatelefonica.ContattoTest" time="0.002">
    <system-out><![CDATA[setNumTel3
]]></system-out>
  </testcase>
  <testcase name="testSetEmail1" classname="com.mycompany.rubricatelefonica.ContattoTest" time="0.002">
    <system-out><![CDATA[setEmail1
]]></system-out>
  </testcase>
  <testcase name="testSetEmail2" classname="com.mycompany.rubricatelefonica.ContattoTest" time="0.001">
    <system-out><![CDATA[setEmail2
]]></system-out>
  </testcase>
  <testcase name="testSetEmail3" classname="com.mycompany.rubricatelefonica.ContattoTest" time="0.002">
    <system-out><![CDATA[setEmail3
]]></system-out>
  </testcase>
  <testcase name="testGetEmail1" classname="com.mycompany.rubricatelefonica.ContattoTest" time="0.002">
    <system-out><![CDATA[getEmail1
]]></system-out>
  </testcase>
  <testcase name="testGetEmail2" classname="com.mycompany.rubricatelefonica.ContattoTest" time="0.002">
    <system-out><![CDATA[getEmail2
]]></system-out>
  </testcase>
  <testcase name="testGetEmail3" classname="com.mycompany.rubricatelefonica.ContattoTest" time="0.002">
    <system-out><![CDATA[getEmail3
]]></system-out>
  </testcase>
  <testcase name="testGetCognome" classname="com.mycompany.rubricatelefonica.ContattoTest" time="0.001">
    <system-out><![CDATA[getCognome
]]></system-out>
  </testcase>
  <testcase name="testSetNome" classname="com.mycompany.rubricatelefonica.ContattoTest" time="0.001">
    <system-out><![CDATA[setNome
]]></system-out>
  </testcase>
</testsuite>